<?xml version="1.0" encoding="UTF-8"?>
<!-- Generated by org.testng.reporters.JUnitReportReporter -->
<testsuite skipped="0" hostname="LAPTOP-Q75RNRMK" name="Package1.SimpleTest" tests="1" failures="0" timestamp="15 May 2020 15:12:20 GMT" time="19.122" errors="0">
  <testcase name="start" time="19.122" classname="Package1.SimpleTest"/>
</testsuite> <!-- Package1.SimpleTest -->
